<?xml version="1.0" encoding="UTF-8"?>
<!-- Generated by org.testng.reporters.JUnitReportReporter -->
<testsuite hostname="Chayan-PC" failures="0" tests="1" name="com.bn.qa.testcases.SigninTest" time="47.166" errors="0" timestamp="2020-05-20T00:07:56 EDT" skipped="0">
  <testcase classname="com.bn.qa.testcases.SigninTest" name="loginTest" time="47.166"/>
  <system-out/>
</testsuite> <!-- com.bn.qa.testcases.SigninTest -->
